<?xml version="1.0" encoding="UTF-8"?>
<testsuite name="com.bridgelabz.moodAnalyserTest" tests="2" skipped="0" failures="0" errors="0" timestamp="2021-03-23T03:01:34" hostname="LAPTOP-743500D5" time="0.027">
  <properties/>
  <testcase name="givenMessage_SADIt_ReturnSad()" classname="com.bridgelabz.moodAnalyserTest" time="0.025"/>
  <testcase name="givenMessage_HappyIt_ReturnHappy()" classname="com.bridgelabz.moodAnalyserTest" time="0.002"/>
  <system-out><![CDATA[]]></system-out>
  <system-err><![CDATA[]]></system-err>
</testsuite>
